<?xml version="1.0" encoding="UTF-8"?>
<!-- Generated by org.testng.reporters.JUnitXMLReporter -->
<testsuite ignored="0" hostname="CIQLAP115" failures="1" tests="1" name="Test" time="14.295" errors="0" timestamp="2024-07-30T19:29:45 IST">
  <testcase classname="tests.ComposeTest" name="testComposeEmail" time="10.395">
    <failure type="java.lang.RuntimeException" message="Test compose email failed.">
      <![CDATA[java.lang.RuntimeException: Test compose email failed.
at tests.ComposeTest.testComposeEmail(ComposeTest.java:39)
at java.base/java.util.ArrayList.forEach(ArrayList.java:1511)
... Removed 27 stack frames]]>
    </failure>
  </testcase> <!-- testComposeEmail -->
</testsuite> <!-- Test -->
